./A_a_Flag/my_a.c:21: MAJOR:C-F6
./A_a_Flag/my_a.c~:1: MAJOR:C-O1
./A_a_Flag/my_putnbr_base_a.c~:1: MAJOR:C-O1
./A_a_Flag/my_putnbr_base_o.c~:1: MAJOR:C-O1
./B_flag/a.out:1: MAJOR:C-O1
./B_flag/my_b.c:29: MAJOR:C-F6
./B_flag/my_b.c~:1: MAJOR:C-O1
./Not_Done/e_E_Flag/my_e.c:52: MAJOR:C-F4
./Not_Done/e_E_Flag/my_e.c:53: MAJOR:C-F4
./Not_Done/e_E_Flag/my_e.c:54: MAJOR:C-F4
./Not_Done/e_E_Flag/my_e.c:55: MAJOR:C-F4
./Not_Done/e_E_Flag/my_e.c:56: MAJOR:C-F4
./Not_Done/e_E_Flag/my_e.c:57: MAJOR:C-F4
./Not_Done/e_E_Flag/my_e.c:58: MAJOR:C-F4
./Not_Done/e_E_Flag/my_e.c:59: MAJOR:C-F4
./Not_Done/e_E_Flag/my_e.c:60: MAJOR:C-F4
./Not_Done/e_E_Flag/my_e.c:61: MAJOR:C-F4
./Not_Done/e_E_Flag/my_e.c:62: MAJOR:C-F4
./Not_Done/e_E_Flag/my_e.c:63: MAJOR:C-F4
./Not_Done/e_E_Flag/my_e.c:64: MAJOR:C-F4
./Not_Done/e_E_Flag/my_e.c:65: MAJOR:C-F4
./Not_Done/e_E_Flag/my_e.c:66: MAJOR:C-F4
./Not_Done/e_E_Flag/my_e.c:67: MAJOR:C-F4
./Not_Done/e_E_Flag/my_e.c:70: MAJOR:C-F6
./Not_Done/e_E_Flag_2/a.out:1: MAJOR:C-O1
./Not_Done/e_E_Flag_2/my_e.c:14: MAJOR:C-F6
