./e_E_Flag/my_e.c:52: MAJOR:C-F4
./e_E_Flag/my_e.c:53: MAJOR:C-F4
./e_E_Flag/my_e.c:54: MAJOR:C-F4
./e_E_Flag/my_e.c:55: MAJOR:C-F4
./e_E_Flag/my_e.c:56: MAJOR:C-F4
./e_E_Flag/my_e.c:57: MAJOR:C-F4
./e_E_Flag/my_e.c:58: MAJOR:C-F4
./e_E_Flag/my_e.c:59: MAJOR:C-F4
./e_E_Flag/my_e.c:60: MAJOR:C-F4
./e_E_Flag/my_e.c:61: MAJOR:C-F4
./e_E_Flag/my_e.c:62: MAJOR:C-F4
./e_E_Flag/my_e.c:63: MAJOR:C-F4
./e_E_Flag/my_e.c:64: MAJOR:C-F4
./e_E_Flag/my_e.c:65: MAJOR:C-F4
./e_E_Flag/my_e.c:66: MAJOR:C-F4
./e_E_Flag/my_e.c:67: MAJOR:C-F4
./e_E_Flag/my_e.c:70: MAJOR:C-F6
./e_E_Flag_2/a.out:1: MAJOR:C-O1
./e_E_Flag_2/my_e.c:14: MAJOR:C-F6
./g_G_Flag/my_f.c~:1: MAJOR:C-O1
./g_G_Flag/my_g.c~:1: MAJOR:C-O1
./g_G_Flag/my_put_float_g.c~:1: MAJOR:C-O1
./p_Flag/my_p.c:16: MAJOR:C-F6
