./flags/d_i_flag/my_put_nbr_d_signed_char.c:8: MINOR:C-L3
./flags/tools/my_put_float_condition.c:13: MINOR:C-F8
./flags/tools/my_put_float_condition.c:51: MAJOR:C-F4
./my_printf.c:17: MINOR:C-F8
./my_printf.c:60: MINOR:C-G2
./my_printf.c:74: MINOR:C-G7
./my_printf.c:78: MINOR:C-L2
./my_printf.c:80: MINOR:C-F8
./my_printf.c:83: MINOR:C-F8
./my_printf.c:88: MINOR:C-G7
./my_printf.c:92: MINOR:C-F8
./my_printf.c:93: MINOR:C-F8
./my_printf.c:94: MINOR:C-F8
./my_printf.c:98: MINOR:C-F8
./my_printf.c:99: MINOR:C-F8
./my_printf.c:100: MAJOR:C-F4
./my_printf.c:100: MINOR:C-F8
./my_printf.c:101: MAJOR:C-F4
./specifier.c:41: MINOR:C-G7
./specifier.c:64: MINOR:C-F8
./specifier.c:66: MINOR:C-F8
./specifier.c:68: MINOR:C-F8
./specifier.c:70: MINOR:C-F8
./specifier.c:72: MINOR:C-F8
./specifier.c:86: MINOR:C-G8
